<?xml version="1.0" encoding="UTF-8"?>
<!-- Generated by org.testng.reporters.JUnitReportReporter -->
<testsuite skipped="0" hostname="DESKTOP-90AU9QL" name="twitterexamples.TwitterPostExample" tests="1" failures="0" timestamp="18 mar 2018 21:17:32 GMT" time="2.538" errors="0">
  <testcase name="postingATweet" time="2.538" classname="twitterexamples.TwitterPostExample"/>
</testsuite> <!-- twitterexamples.TwitterPostExample -->
