<?xml version="1.0" encoding="UTF-8"?>
<!-- Generated by org.testng.reporters.JUnitReportReporter -->
<testsuite skipped="0" hostname="DESKTOP-90AU9QL" name="twitterexamples.RequestLoggingExample" tests="1" failures="0" timestamp="18 mar 2018 22:26:00 GMT" time="2.992" errors="0">
  <testcase name="verifyLatestTweetsForAUserHTTPResponse" time="2.992" classname="twitterexamples.RequestLoggingExample"/>
</testsuite> <!-- twitterexamples.RequestLoggingExample -->
