<?xml version="1.0" encoding="UTF-8"?>
<!-- Generated by org.testng.reporters.JUnitReportReporter -->
<testsuite skipped="0" hostname="DESKTOP-90AU9QL" name="basic.GetRequestDemoXMLResponse" tests="4" failures="0" timestamp="18 mar 2018 22:01:48 GMT" time="4.517" errors="0">
  <testcase name="validateResponseXML" time="0.967" classname="basic.GetRequestDemoXMLResponse"/>
  <testcase name="statusCodeVerificationXML" time="0.500" classname="basic.GetRequestDemoXMLResponse"/>
  <testcase name="getResponseBodyXML" time="2.637" classname="basic.GetRequestDemoXMLResponse"/>
  <testcase name="validateResponseXML_2" time="0.413" classname="basic.GetRequestDemoXMLResponse"/>
</testsuite> <!-- basic.GetRequestDemoXMLResponse -->
