<?xml version="1.0" encoding="UTF-8"?>
<!-- Generated by org.testng.reporters.JUnitReportReporter -->
<testsuite skipped="0" hostname="B01907" name="specs.RequestSpecificationDemo" tests="1" failures="0" timestamp="19 Mar 2018 17:56:35 GMT" time="2.348" errors="0">
  <testcase name="verifyHTTPResponse" time="2.348" classname="specs.RequestSpecificationDemo"/>
</testsuite> <!-- specs.RequestSpecificationDemo -->
