<?xml version="1.0" encoding="UTF-8"?>
<!-- Generated by org.testng.reporters.JUnitReportReporter -->
<testsuite skipped="0" hostname="DESKTOP-90AU9QL" name="basic.PostRequestDemo" tests="2" failures="0" timestamp="17 mar 2018 20:04:31 GMT" time="4.123" errors="0">
  <testcase name="statusCodeVerification" time="3.024" classname="basic.PostRequestDemo"/>
  <testcase name="statusCodeVerificationUsingModel" time="1.099" classname="basic.PostRequestDemo"/>
</testsuite> <!-- basic.PostRequestDemo -->
