<?xml version="1.0" encoding="UTF-8"?>
<!-- Generated by org.testng.reporters.JUnitReportReporter -->
<testsuite skipped="0" hostname="B01907" name="specs.ResponseSpecificationDemo" tests="1" failures="0" timestamp="19 Mar 2018 18:24:13 GMT" time="2.459" errors="0">
  <testcase name="verifyHTTPResponse" time="2.459" classname="specs.ResponseSpecificationDemo"/>
</testsuite> <!-- specs.ResponseSpecificationDemo -->
