<?xml version="1.0" encoding="UTF-8"?>
<!-- Generated by org.testng.reporters.JUnitReportReporter -->
<testsuite skipped="0" hostname="DESKTOP-90AU9QL" name="basic.GetRequestDemo" tests="3" failures="0" timestamp="17 mar 2018 18:23:26 GMT" time="4.733" errors="0">
  <testcase name="getResponseBody" time="3.079" classname="basic.GetRequestDemo"/>
  <testcase name="statusCodeVerification" time="0.561" classname="basic.GetRequestDemo"/>
  <testcase name="validateResponse" time="1.093" classname="basic.GetRequestDemo"/>
</testsuite> <!-- basic.GetRequestDemo -->
