<?xml version="1.0" encoding="UTF-8"?>
<!-- Generated by org.testng.reporters.JUnitReportReporter -->
<testsuite skipped="0" hostname="B01907" name="basic.GetRequestDemoXMLResponse" tests="4" failures="0" timestamp="19 Mar 2018 14:17:30 GMT" time="3.965" errors="0">
  <testcase name="validateResponseXML_2" time="0.347" classname="basic.GetRequestDemoXMLResponse"/>
  <testcase name="getResponseBodyXML" time="2.357" classname="basic.GetRequestDemoXMLResponse"/>
  <testcase name="statusCodeVerificationXML" time="0.380" classname="basic.GetRequestDemoXMLResponse"/>
  <testcase name="validateResponseXML" time="0.881" classname="basic.GetRequestDemoXMLResponse"/>
</testsuite> <!-- basic.GetRequestDemoXMLResponse -->
